DEBUG - 2026-06-01 16:41:24 --> Session: Class initialized using 'CodeIgniter\Session\Handlers\FileHandler' driver.
DEBUG - 2026-06-01 17:28:38 --> Session: Class initialized using 'CodeIgniter\Session\Handlers\FileHandler' driver.
DEBUG - 2026-06-01 19:59:41 --> Session: Class initialized using 'CodeIgniter\Session\Handlers\FileHandler' driver.
DEBUG - 2026-06-01 19:59:45 --> Session: Class initialized using 'CodeIgniter\Session\Handlers\FileHandler' driver.
DEBUG - 2026-06-01 19:59:49 --> Session: Class initialized using 'CodeIgniter\Session\Handlers\FileHandler' driver.
DEBUG - 2026-06-01 19:59:50 --> Session: Class initialized using 'CodeIgniter\Session\Handlers\FileHandler' driver.
DEBUG - 2026-06-01 21:21:49 --> Session: Class initialized using 'CodeIgniter\Session\Handlers\FileHandler' driver.
DEBUG - 2026-06-01 21:22:02 --> Session: Class initialized using 'CodeIgniter\Session\Handlers\FileHandler' driver.
ERROR - 2026-06-01 21:22:02 --> Unknown column 'p.Correo_usu' in 'where clause'
in SYSTEMPATH\Database\MySQLi\Connection.php on line 300.
 1 SYSTEMPATH\Database\MySQLi\Connection.php(300): mysqli->query('SELECT p.*, r.Nom_rol 
                FROM Persona p
                INNER JOIN Persona_has_Rol phr ON p.id_usuario = phr.pkfk_id_usuario AND p.pkfk_Tipo_doc = phr.pkfk_Tipo_doc
                INNER JOIN Rol r ON phr.pkfk_idRol = r.idRol
                WHERE p.Correo_usu = \'admin@gmail.com\' AND p.estado = 1', 0)
 2 SYSTEMPATH\Database\BaseConnection.php(910): CodeIgniter\Database\MySQLi\Connection->execute('SELECT p.*, r.Nom_rol 
                FROM Persona p
                INNER JOIN Persona_has_Rol phr ON p.id_usuario = phr.pkfk_id_usuario AND p.pkfk_Tipo_doc = phr.pkfk_Tipo_doc
                INNER JOIN Rol r ON phr.pkfk_idRol = r.idRol
                WHERE p.Correo_usu = \'admin@gmail.com\' AND p.estado = 1')
 3 SYSTEMPATH\Database\BaseConnection.php(827): CodeIgniter\Database\BaseConnection->simpleQuery('SELECT p.*, r.Nom_rol 
                FROM Persona p
                INNER JOIN Persona_has_Rol phr ON p.id_usuario = phr.pkfk_id_usuario AND p.pkfk_Tipo_doc = phr.pkfk_Tipo_doc
                INNER JOIN Rol r ON phr.pkfk_idRol = r.idRol
                WHERE p.Correo_usu = \'admin@gmail.com\' AND p.estado = 1')
 4 APPPATH\Controllers\LoginController.php(35): CodeIgniter\Database\BaseConnection->query('SELECT p.*, r.Nom_rol 
                FROM Persona p
                INNER JOIN Persona_has_Rol phr ON p.id_usuario = phr.pkfk_id_usuario AND p.pkfk_Tipo_doc = phr.pkfk_Tipo_doc
                INNER JOIN Rol r ON phr.pkfk_idRol = r.idRol
                WHERE p.Correo_usu = ? AND p.estado = 1', [...])
 5 SYSTEMPATH\CodeIgniter.php(951): App\Controllers\LoginController->login()
 6 SYSTEMPATH\CodeIgniter.php(497): CodeIgniter\CodeIgniter->runController(Object(App\Controllers\LoginController))
 7 SYSTEMPATH\CodeIgniter.php(340): CodeIgniter\CodeIgniter->handleRequest(null, Object(Config\Cache), false)
 8 SYSTEMPATH\Boot.php(417): CodeIgniter\CodeIgniter->run()
 9 SYSTEMPATH\Boot.php(68): CodeIgniter\Boot::runCodeIgniter(Object(CodeIgniter\CodeIgniter))
10 FCPATH\index.php(59): CodeIgniter\Boot::bootWeb(Object(Config\Paths))
CRITICAL - 2026-06-01 21:22:02 --> CodeIgniter\Database\Exceptions\DatabaseException: Unknown column 'p.Correo_usu' in 'where clause'
[Method: POST, Route: login]
in SYSTEMPATH\Database\BaseConnection.php on line 865.
 1 APPPATH\Controllers\LoginController.php(35): CodeIgniter\Database\BaseConnection->query('SELECT p.*, r.Nom_rol 
                FROM Persona p
                INNER JOIN Persona_has_Rol phr ON p.id_usuario = phr.pkfk_id_usuario AND p.pkfk_Tipo_doc = phr.pkfk_Tipo_doc
                INNER JOIN Rol r ON phr.pkfk_idRol = r.idRol
                WHERE p.Correo_usu = ? AND p.estado = 1', [...])
 2 SYSTEMPATH\CodeIgniter.php(951): App\Controllers\LoginController->login()
 3 SYSTEMPATH\CodeIgniter.php(497): CodeIgniter\CodeIgniter->runController(Object(App\Controllers\LoginController))
 4 SYSTEMPATH\CodeIgniter.php(340): CodeIgniter\CodeIgniter->handleRequest(null, Object(Config\Cache), false)
 5 SYSTEMPATH\Boot.php(417): CodeIgniter\CodeIgniter->run()
 6 SYSTEMPATH\Boot.php(68): CodeIgniter\Boot::runCodeIgniter(Object(CodeIgniter\CodeIgniter))
 7 FCPATH\index.php(59): CodeIgniter\Boot::bootWeb(Object(Config\Paths))
CRITICAL - 2026-06-01 21:22:02 --> [Caused by] CodeIgniter\Database\Exceptions\DatabaseException: Unknown column 'p.Correo_usu' in 'where clause'
in SYSTEMPATH\Database\MySQLi\Connection.php on line 310.
 1 SYSTEMPATH\Database\BaseConnection.php(910): CodeIgniter\Database\MySQLi\Connection->execute('SELECT p.*, r.Nom_rol 
                FROM Persona p
                INNER JOIN Persona_has_Rol phr ON p.id_usuario = phr.pkfk_id_usuario AND p.pkfk_Tipo_doc = phr.pkfk_Tipo_doc
                INNER JOIN Rol r ON phr.pkfk_idRol = r.idRol
                WHERE p.Correo_usu = \'admin@gmail.com\' AND p.estado = 1')
 2 SYSTEMPATH\Database\BaseConnection.php(827): CodeIgniter\Database\BaseConnection->simpleQuery('SELECT p.*, r.Nom_rol 
                FROM Persona p
                INNER JOIN Persona_has_Rol phr ON p.id_usuario = phr.pkfk_id_usuario AND p.pkfk_Tipo_doc = phr.pkfk_Tipo_doc
                INNER JOIN Rol r ON phr.pkfk_idRol = r.idRol
                WHERE p.Correo_usu = \'admin@gmail.com\' AND p.estado = 1')
 3 APPPATH\Controllers\LoginController.php(35): CodeIgniter\Database\BaseConnection->query('SELECT p.*, r.Nom_rol 
                FROM Persona p
                INNER JOIN Persona_has_Rol phr ON p.id_usuario = phr.pkfk_id_usuario AND p.pkfk_Tipo_doc = phr.pkfk_Tipo_doc
                INNER JOIN Rol r ON phr.pkfk_idRol = r.idRol
                WHERE p.Correo_usu = ? AND p.estado = 1', [...])
 4 SYSTEMPATH\CodeIgniter.php(951): App\Controllers\LoginController->login()
 5 SYSTEMPATH\CodeIgniter.php(497): CodeIgniter\CodeIgniter->runController(Object(App\Controllers\LoginController))
 6 SYSTEMPATH\CodeIgniter.php(340): CodeIgniter\CodeIgniter->handleRequest(null, Object(Config\Cache), false)
 7 SYSTEMPATH\Boot.php(417): CodeIgniter\CodeIgniter->run()
 8 SYSTEMPATH\Boot.php(68): CodeIgniter\Boot::runCodeIgniter(Object(CodeIgniter\CodeIgniter))
 9 FCPATH\index.php(59): CodeIgniter\Boot::bootWeb(Object(Config\Paths))
CRITICAL - 2026-06-01 21:22:02 --> [Caused by] mysqli_sql_exception: Unknown column 'p.Correo_usu' in 'where clause'
in SYSTEMPATH\Database\MySQLi\Connection.php on line 300.
 1 SYSTEMPATH\Database\MySQLi\Connection.php(300): mysqli->query('SELECT p.*, r.Nom_rol 
                FROM Persona p
                INNER JOIN Persona_has_Rol phr ON p.id_usuario = phr.pkfk_id_usuario AND p.pkfk_Tipo_doc = phr.pkfk_Tipo_doc
                INNER JOIN Rol r ON phr.pkfk_idRol = r.idRol
                WHERE p.Correo_usu = \'admin@gmail.com\' AND p.estado = 1', 0)
 2 SYSTEMPATH\Database\BaseConnection.php(910): CodeIgniter\Database\MySQLi\Connection->execute('SELECT p.*, r.Nom_rol 
                FROM Persona p
                INNER JOIN Persona_has_Rol phr ON p.id_usuario = phr.pkfk_id_usuario AND p.pkfk_Tipo_doc = phr.pkfk_Tipo_doc
                INNER JOIN Rol r ON phr.pkfk_idRol = r.idRol
                WHERE p.Correo_usu = \'admin@gmail.com\' AND p.estado = 1')
 3 SYSTEMPATH\Database\BaseConnection.php(827): CodeIgniter\Database\BaseConnection->simpleQuery('SELECT p.*, r.Nom_rol 
                FROM Persona p
                INNER JOIN Persona_has_Rol phr ON p.id_usuario = phr.pkfk_id_usuario AND p.pkfk_Tipo_doc = phr.pkfk_Tipo_doc
                INNER JOIN Rol r ON phr.pkfk_idRol = r.idRol
                WHERE p.Correo_usu = \'admin@gmail.com\' AND p.estado = 1')
 4 APPPATH\Controllers\LoginController.php(35): CodeIgniter\Database\BaseConnection->query('SELECT p.*, r.Nom_rol 
                FROM Persona p
                INNER JOIN Persona_has_Rol phr ON p.id_usuario = phr.pkfk_id_usuario AND p.pkfk_Tipo_doc = phr.pkfk_Tipo_doc
                INNER JOIN Rol r ON phr.pkfk_idRol = r.idRol
                WHERE p.Correo_usu = ? AND p.estado = 1', [...])
 5 SYSTEMPATH\CodeIgniter.php(951): App\Controllers\LoginController->login()
 6 SYSTEMPATH\CodeIgniter.php(497): CodeIgniter\CodeIgniter->runController(Object(App\Controllers\LoginController))
 7 SYSTEMPATH\CodeIgniter.php(340): CodeIgniter\CodeIgniter->handleRequest(null, Object(Config\Cache), false)
 8 SYSTEMPATH\Boot.php(417): CodeIgniter\CodeIgniter->run()
 9 SYSTEMPATH\Boot.php(68): CodeIgniter\Boot::runCodeIgniter(Object(CodeIgniter\CodeIgniter))
10 FCPATH\index.php(59): CodeIgniter\Boot::bootWeb(Object(Config\Paths))
DEBUG - 2026-06-01 21:22:21 --> Session: Class initialized using 'CodeIgniter\Session\Handlers\FileHandler' driver.
DEBUG - 2026-06-01 21:23:50 --> Session: Class initialized using 'CodeIgniter\Session\Handlers\FileHandler' driver.
ERROR - 2026-06-01 21:23:50 --> Unknown column 'p.Correo_usu' in 'where clause'
in SYSTEMPATH\Database\MySQLi\Connection.php on line 300.
 1 SYSTEMPATH\Database\MySQLi\Connection.php(300): mysqli->query('SELECT p.*, r.Nom_rol 
                FROM Persona p
                INNER JOIN Persona_has_Rol phr ON p.id_usuario = phr.pkfk_id_usuario AND p.pkfk_Tipo_doc = phr.pkfk_Tipo_doc
                INNER JOIN Rol r ON phr.pkfk_idRol = r.idRol
                WHERE p.Correo_usu = \'admin@gmail.com\' AND p.estado = 1', 0)
 2 SYSTEMPATH\Database\BaseConnection.php(910): CodeIgniter\Database\MySQLi\Connection->execute('SELECT p.*, r.Nom_rol 
                FROM Persona p
                INNER JOIN Persona_has_Rol phr ON p.id_usuario = phr.pkfk_id_usuario AND p.pkfk_Tipo_doc = phr.pkfk_Tipo_doc
                INNER JOIN Rol r ON phr.pkfk_idRol = r.idRol
                WHERE p.Correo_usu = \'admin@gmail.com\' AND p.estado = 1')
 3 SYSTEMPATH\Database\BaseConnection.php(827): CodeIgniter\Database\BaseConnection->simpleQuery('SELECT p.*, r.Nom_rol 
                FROM Persona p
                INNER JOIN Persona_has_Rol phr ON p.id_usuario = phr.pkfk_id_usuario AND p.pkfk_Tipo_doc = phr.pkfk_Tipo_doc
                INNER JOIN Rol r ON phr.pkfk_idRol = r.idRol
                WHERE p.Correo_usu = \'admin@gmail.com\' AND p.estado = 1')
 4 APPPATH\Controllers\LoginController.php(35): CodeIgniter\Database\BaseConnection->query('SELECT p.*, r.Nom_rol 
                FROM Persona p
                INNER JOIN Persona_has_Rol phr ON p.id_usuario = phr.pkfk_id_usuario AND p.pkfk_Tipo_doc = phr.pkfk_Tipo_doc
                INNER JOIN Rol r ON phr.pkfk_idRol = r.idRol
                WHERE p.Correo_usu = ? AND p.estado = 1', [...])
 5 SYSTEMPATH\CodeIgniter.php(951): App\Controllers\LoginController->login()
 6 SYSTEMPATH\CodeIgniter.php(497): CodeIgniter\CodeIgniter->runController(Object(App\Controllers\LoginController))
 7 SYSTEMPATH\CodeIgniter.php(340): CodeIgniter\CodeIgniter->handleRequest(null, Object(Config\Cache), false)
 8 SYSTEMPATH\Boot.php(417): CodeIgniter\CodeIgniter->run()
 9 SYSTEMPATH\Boot.php(68): CodeIgniter\Boot::runCodeIgniter(Object(CodeIgniter\CodeIgniter))
10 FCPATH\index.php(59): CodeIgniter\Boot::bootWeb(Object(Config\Paths))
CRITICAL - 2026-06-01 21:23:50 --> CodeIgniter\Database\Exceptions\DatabaseException: Unknown column 'p.Correo_usu' in 'where clause'
[Method: POST, Route: login]
in SYSTEMPATH\Database\BaseConnection.php on line 865.
 1 APPPATH\Controllers\LoginController.php(35): CodeIgniter\Database\BaseConnection->query('SELECT p.*, r.Nom_rol 
                FROM Persona p
                INNER JOIN Persona_has_Rol phr ON p.id_usuario = phr.pkfk_id_usuario AND p.pkfk_Tipo_doc = phr.pkfk_Tipo_doc
                INNER JOIN Rol r ON phr.pkfk_idRol = r.idRol
                WHERE p.Correo_usu = ? AND p.estado = 1', [...])
 2 SYSTEMPATH\CodeIgniter.php(951): App\Controllers\LoginController->login()
 3 SYSTEMPATH\CodeIgniter.php(497): CodeIgniter\CodeIgniter->runController(Object(App\Controllers\LoginController))
 4 SYSTEMPATH\CodeIgniter.php(340): CodeIgniter\CodeIgniter->handleRequest(null, Object(Config\Cache), false)
 5 SYSTEMPATH\Boot.php(417): CodeIgniter\CodeIgniter->run()
 6 SYSTEMPATH\Boot.php(68): CodeIgniter\Boot::runCodeIgniter(Object(CodeIgniter\CodeIgniter))
 7 FCPATH\index.php(59): CodeIgniter\Boot::bootWeb(Object(Config\Paths))
CRITICAL - 2026-06-01 21:23:50 --> [Caused by] CodeIgniter\Database\Exceptions\DatabaseException: Unknown column 'p.Correo_usu' in 'where clause'
in SYSTEMPATH\Database\MySQLi\Connection.php on line 310.
 1 SYSTEMPATH\Database\BaseConnection.php(910): CodeIgniter\Database\MySQLi\Connection->execute('SELECT p.*, r.Nom_rol 
                FROM Persona p
                INNER JOIN Persona_has_Rol phr ON p.id_usuario = phr.pkfk_id_usuario AND p.pkfk_Tipo_doc = phr.pkfk_Tipo_doc
                INNER JOIN Rol r ON phr.pkfk_idRol = r.idRol
                WHERE p.Correo_usu = \'admin@gmail.com\' AND p.estado = 1')
 2 SYSTEMPATH\Database\BaseConnection.php(827): CodeIgniter\Database\BaseConnection->simpleQuery('SELECT p.*, r.Nom_rol 
                FROM Persona p
                INNER JOIN Persona_has_Rol phr ON p.id_usuario = phr.pkfk_id_usuario AND p.pkfk_Tipo_doc = phr.pkfk_Tipo_doc
                INNER JOIN Rol r ON phr.pkfk_idRol = r.idRol
                WHERE p.Correo_usu = \'admin@gmail.com\' AND p.estado = 1')
 3 APPPATH\Controllers\LoginController.php(35): CodeIgniter\Database\BaseConnection->query('SELECT p.*, r.Nom_rol 
                FROM Persona p
                INNER JOIN Persona_has_Rol phr ON p.id_usuario = phr.pkfk_id_usuario AND p.pkfk_Tipo_doc = phr.pkfk_Tipo_doc
                INNER JOIN Rol r ON phr.pkfk_idRol = r.idRol
                WHERE p.Correo_usu = ? AND p.estado = 1', [...])
 4 SYSTEMPATH\CodeIgniter.php(951): App\Controllers\LoginController->login()
 5 SYSTEMPATH\CodeIgniter.php(497): CodeIgniter\CodeIgniter->runController(Object(App\Controllers\LoginController))
 6 SYSTEMPATH\CodeIgniter.php(340): CodeIgniter\CodeIgniter->handleRequest(null, Object(Config\Cache), false)
 7 SYSTEMPATH\Boot.php(417): CodeIgniter\CodeIgniter->run()
 8 SYSTEMPATH\Boot.php(68): CodeIgniter\Boot::runCodeIgniter(Object(CodeIgniter\CodeIgniter))
 9 FCPATH\index.php(59): CodeIgniter\Boot::bootWeb(Object(Config\Paths))
CRITICAL - 2026-06-01 21:23:50 --> [Caused by] mysqli_sql_exception: Unknown column 'p.Correo_usu' in 'where clause'
in SYSTEMPATH\Database\MySQLi\Connection.php on line 300.
 1 SYSTEMPATH\Database\MySQLi\Connection.php(300): mysqli->query('SELECT p.*, r.Nom_rol 
                FROM Persona p
                INNER JOIN Persona_has_Rol phr ON p.id_usuario = phr.pkfk_id_usuario AND p.pkfk_Tipo_doc = phr.pkfk_Tipo_doc
                INNER JOIN Rol r ON phr.pkfk_idRol = r.idRol
                WHERE p.Correo_usu = \'admin@gmail.com\' AND p.estado = 1', 0)
 2 SYSTEMPATH\Database\BaseConnection.php(910): CodeIgniter\Database\MySQLi\Connection->execute('SELECT p.*, r.Nom_rol 
                FROM Persona p
                INNER JOIN Persona_has_Rol phr ON p.id_usuario = phr.pkfk_id_usuario AND p.pkfk_Tipo_doc = phr.pkfk_Tipo_doc
                INNER JOIN Rol r ON phr.pkfk_idRol = r.idRol
                WHERE p.Correo_usu = \'admin@gmail.com\' AND p.estado = 1')
 3 SYSTEMPATH\Database\BaseConnection.php(827): CodeIgniter\Database\BaseConnection->simpleQuery('SELECT p.*, r.Nom_rol 
                FROM Persona p
                INNER JOIN Persona_has_Rol phr ON p.id_usuario = phr.pkfk_id_usuario AND p.pkfk_Tipo_doc = phr.pkfk_Tipo_doc
                INNER JOIN Rol r ON phr.pkfk_idRol = r.idRol
                WHERE p.Correo_usu = \'admin@gmail.com\' AND p.estado = 1')
 4 APPPATH\Controllers\LoginController.php(35): CodeIgniter\Database\BaseConnection->query('SELECT p.*, r.Nom_rol 
                FROM Persona p
                INNER JOIN Persona_has_Rol phr ON p.id_usuario = phr.pkfk_id_usuario AND p.pkfk_Tipo_doc = phr.pkfk_Tipo_doc
                INNER JOIN Rol r ON phr.pkfk_idRol = r.idRol
                WHERE p.Correo_usu = ? AND p.estado = 1', [...])
 5 SYSTEMPATH\CodeIgniter.php(951): App\Controllers\LoginController->login()
 6 SYSTEMPATH\CodeIgniter.php(497): CodeIgniter\CodeIgniter->runController(Object(App\Controllers\LoginController))
 7 SYSTEMPATH\CodeIgniter.php(340): CodeIgniter\CodeIgniter->handleRequest(null, Object(Config\Cache), false)
 8 SYSTEMPATH\Boot.php(417): CodeIgniter\CodeIgniter->run()
 9 SYSTEMPATH\Boot.php(68): CodeIgniter\Boot::runCodeIgniter(Object(CodeIgniter\CodeIgniter))
10 FCPATH\index.php(59): CodeIgniter\Boot::bootWeb(Object(Config\Paths))
DEBUG - 2026-06-01 21:36:50 --> Session: Class initialized using 'CodeIgniter\Session\Handlers\FileHandler' driver.
DEBUG - 2026-06-01 21:36:52 --> Session: Class initialized using 'CodeIgniter\Session\Handlers\FileHandler' driver.
DEBUG - 2026-06-01 21:36:59 --> Session: Class initialized using 'CodeIgniter\Session\Handlers\FileHandler' driver.
ERROR - 2026-06-01 21:36:59 --> Unknown column 'p.estado' in 'where clause'
in SYSTEMPATH\Database\MySQLi\Connection.php on line 300.
 1 SYSTEMPATH\Database\MySQLi\Connection.php(300): mysqli->query('SELECT p.*, r.Nom_rol 
                FROM Persona p
                INNER JOIN Persona_has_Rol phr ON p.id_usuario = phr.pkfk_id_usuario AND p.pkfk_Tipo_doc = phr.pkfk_Tipo_doc
                INNER JOIN Rol r ON phr.pkfk_idRol = r.idRol
                WHERE p.Correo_usu = \'admin@restaurante.com\' AND p.estado = 1', 0)
 2 SYSTEMPATH\Database\BaseConnection.php(910): CodeIgniter\Database\MySQLi\Connection->execute('SELECT p.*, r.Nom_rol 
                FROM Persona p
                INNER JOIN Persona_has_Rol phr ON p.id_usuario = phr.pkfk_id_usuario AND p.pkfk_Tipo_doc = phr.pkfk_Tipo_doc
                INNER JOIN Rol r ON phr.pkfk_idRol = r.idRol
                WHERE p.Correo_usu = \'admin@restaurante.com\' AND p.estado = 1')
 3 SYSTEMPATH\Database\BaseConnection.php(827): CodeIgniter\Database\BaseConnection->simpleQuery('SELECT p.*, r.Nom_rol 
                FROM Persona p
                INNER JOIN Persona_has_Rol phr ON p.id_usuario = phr.pkfk_id_usuario AND p.pkfk_Tipo_doc = phr.pkfk_Tipo_doc
                INNER JOIN Rol r ON phr.pkfk_idRol = r.idRol
                WHERE p.Correo_usu = \'admin@restaurante.com\' AND p.estado = 1')
 4 APPPATH\Controllers\LoginController.php(35): CodeIgniter\Database\BaseConnection->query('SELECT p.*, r.Nom_rol 
                FROM Persona p
                INNER JOIN Persona_has_Rol phr ON p.id_usuario = phr.pkfk_id_usuario AND p.pkfk_Tipo_doc = phr.pkfk_Tipo_doc
                INNER JOIN Rol r ON phr.pkfk_idRol = r.idRol
                WHERE p.Correo_usu = ? AND p.estado = 1', [...])
 5 SYSTEMPATH\CodeIgniter.php(951): App\Controllers\LoginController->login()
 6 SYSTEMPATH\CodeIgniter.php(497): CodeIgniter\CodeIgniter->runController(Object(App\Controllers\LoginController))
 7 SYSTEMPATH\CodeIgniter.php(340): CodeIgniter\CodeIgniter->handleRequest(null, Object(Config\Cache), false)
 8 SYSTEMPATH\Boot.php(417): CodeIgniter\CodeIgniter->run()
 9 SYSTEMPATH\Boot.php(68): CodeIgniter\Boot::runCodeIgniter(Object(CodeIgniter\CodeIgniter))
10 FCPATH\index.php(59): CodeIgniter\Boot::bootWeb(Object(Config\Paths))
CRITICAL - 2026-06-01 21:36:59 --> CodeIgniter\Database\Exceptions\DatabaseException: Unknown column 'p.estado' in 'where clause'
[Method: POST, Route: login]
in SYSTEMPATH\Database\BaseConnection.php on line 865.
 1 APPPATH\Controllers\LoginController.php(35): CodeIgniter\Database\BaseConnection->query('SELECT p.*, r.Nom_rol 
                FROM Persona p
                INNER JOIN Persona_has_Rol phr ON p.id_usuario = phr.pkfk_id_usuario AND p.pkfk_Tipo_doc = phr.pkfk_Tipo_doc
                INNER JOIN Rol r ON phr.pkfk_idRol = r.idRol
                WHERE p.Correo_usu = ? AND p.estado = 1', [...])
 2 SYSTEMPATH\CodeIgniter.php(951): App\Controllers\LoginController->login()
 3 SYSTEMPATH\CodeIgniter.php(497): CodeIgniter\CodeIgniter->runController(Object(App\Controllers\LoginController))
 4 SYSTEMPATH\CodeIgniter.php(340): CodeIgniter\CodeIgniter->handleRequest(null, Object(Config\Cache), false)
 5 SYSTEMPATH\Boot.php(417): CodeIgniter\CodeIgniter->run()
 6 SYSTEMPATH\Boot.php(68): CodeIgniter\Boot::runCodeIgniter(Object(CodeIgniter\CodeIgniter))
 7 FCPATH\index.php(59): CodeIgniter\Boot::bootWeb(Object(Config\Paths))
CRITICAL - 2026-06-01 21:36:59 --> [Caused by] CodeIgniter\Database\Exceptions\DatabaseException: Unknown column 'p.estado' in 'where clause'
in SYSTEMPATH\Database\MySQLi\Connection.php on line 310.
 1 SYSTEMPATH\Database\BaseConnection.php(910): CodeIgniter\Database\MySQLi\Connection->execute('SELECT p.*, r.Nom_rol 
                FROM Persona p
                INNER JOIN Persona_has_Rol phr ON p.id_usuario = phr.pkfk_id_usuario AND p.pkfk_Tipo_doc = phr.pkfk_Tipo_doc
                INNER JOIN Rol r ON phr.pkfk_idRol = r.idRol
                WHERE p.Correo_usu = \'admin@restaurante.com\' AND p.estado = 1')
 2 SYSTEMPATH\Database\BaseConnection.php(827): CodeIgniter\Database\BaseConnection->simpleQuery('SELECT p.*, r.Nom_rol 
                FROM Persona p
                INNER JOIN Persona_has_Rol phr ON p.id_usuario = phr.pkfk_id_usuario AND p.pkfk_Tipo_doc = phr.pkfk_Tipo_doc
                INNER JOIN Rol r ON phr.pkfk_idRol = r.idRol
                WHERE p.Correo_usu = \'admin@restaurante.com\' AND p.estado = 1')
 3 APPPATH\Controllers\LoginController.php(35): CodeIgniter\Database\BaseConnection->query('SELECT p.*, r.Nom_rol 
                FROM Persona p
                INNER JOIN Persona_has_Rol phr ON p.id_usuario = phr.pkfk_id_usuario AND p.pkfk_Tipo_doc = phr.pkfk_Tipo_doc
                INNER JOIN Rol r ON phr.pkfk_idRol = r.idRol
                WHERE p.Correo_usu = ? AND p.estado = 1', [...])
 4 SYSTEMPATH\CodeIgniter.php(951): App\Controllers\LoginController->login()
 5 SYSTEMPATH\CodeIgniter.php(497): CodeIgniter\CodeIgniter->runController(Object(App\Controllers\LoginController))
 6 SYSTEMPATH\CodeIgniter.php(340): CodeIgniter\CodeIgniter->handleRequest(null, Object(Config\Cache), false)
 7 SYSTEMPATH\Boot.php(417): CodeIgniter\CodeIgniter->run()
 8 SYSTEMPATH\Boot.php(68): CodeIgniter\Boot::runCodeIgniter(Object(CodeIgniter\CodeIgniter))
 9 FCPATH\index.php(59): CodeIgniter\Boot::bootWeb(Object(Config\Paths))
CRITICAL - 2026-06-01 21:36:59 --> [Caused by] mysqli_sql_exception: Unknown column 'p.estado' in 'where clause'
in SYSTEMPATH\Database\MySQLi\Connection.php on line 300.
 1 SYSTEMPATH\Database\MySQLi\Connection.php(300): mysqli->query('SELECT p.*, r.Nom_rol 
                FROM Persona p
                INNER JOIN Persona_has_Rol phr ON p.id_usuario = phr.pkfk_id_usuario AND p.pkfk_Tipo_doc = phr.pkfk_Tipo_doc
                INNER JOIN Rol r ON phr.pkfk_idRol = r.idRol
                WHERE p.Correo_usu = \'admin@restaurante.com\' AND p.estado = 1', 0)
 2 SYSTEMPATH\Database\BaseConnection.php(910): CodeIgniter\Database\MySQLi\Connection->execute('SELECT p.*, r.Nom_rol 
                FROM Persona p
                INNER JOIN Persona_has_Rol phr ON p.id_usuario = phr.pkfk_id_usuario AND p.pkfk_Tipo_doc = phr.pkfk_Tipo_doc
                INNER JOIN Rol r ON phr.pkfk_idRol = r.idRol
                WHERE p.Correo_usu = \'admin@restaurante.com\' AND p.estado = 1')
 3 SYSTEMPATH\Database\BaseConnection.php(827): CodeIgniter\Database\BaseConnection->simpleQuery('SELECT p.*, r.Nom_rol 
                FROM Persona p
                INNER JOIN Persona_has_Rol phr ON p.id_usuario = phr.pkfk_id_usuario AND p.pkfk_Tipo_doc = phr.pkfk_Tipo_doc
                INNER JOIN Rol r ON phr.pkfk_idRol = r.idRol
                WHERE p.Correo_usu = \'admin@restaurante.com\' AND p.estado = 1')
 4 APPPATH\Controllers\LoginController.php(35): CodeIgniter\Database\BaseConnection->query('SELECT p.*, r.Nom_rol 
                FROM Persona p
                INNER JOIN Persona_has_Rol phr ON p.id_usuario = phr.pkfk_id_usuario AND p.pkfk_Tipo_doc = phr.pkfk_Tipo_doc
                INNER JOIN Rol r ON phr.pkfk_idRol = r.idRol
                WHERE p.Correo_usu = ? AND p.estado = 1', [...])
 5 SYSTEMPATH\CodeIgniter.php(951): App\Controllers\LoginController->login()
 6 SYSTEMPATH\CodeIgniter.php(497): CodeIgniter\CodeIgniter->runController(Object(App\Controllers\LoginController))
 7 SYSTEMPATH\CodeIgniter.php(340): CodeIgniter\CodeIgniter->handleRequest(null, Object(Config\Cache), false)
 8 SYSTEMPATH\Boot.php(417): CodeIgniter\CodeIgniter->run()
 9 SYSTEMPATH\Boot.php(68): CodeIgniter\Boot::runCodeIgniter(Object(CodeIgniter\CodeIgniter))
10 FCPATH\index.php(59): CodeIgniter\Boot::bootWeb(Object(Config\Paths))
DEBUG - 2026-06-01 21:45:01 --> Session: Class initialized using 'CodeIgniter\Session\Handlers\FileHandler' driver.
DEBUG - 2026-06-01 21:45:04 --> Session: Class initialized using 'CodeIgniter\Session\Handlers\FileHandler' driver.
